2025-09-29 17:23:28,736 - INFO - credit_risk_pipeline - Data is loaded
2025-09-29 17:32:33,027 - INFO - credit_risk_pipeline - Data is loaded
2025-09-29 17:33:48,236 - INFO - credit_risk_pipeline - Data is loaded
2025-09-29 17:33:57,345 - INFO - credit_risk_pipeline - Data is loaded
2025-09-29 17:33:57,348 - INFO - credit_risk_pipeline - DataFrame Info:
None
2025-09-29 17:33:57,363 - INFO - credit_risk_pipeline - summary statistics:
                 ID          Age   Sex          Job Housing Saving_accounts Checking_account  Credit_amount     Duration Purpose
count   1000.000000  1000.000000  1000  1000.000000    1000            1000             1000    1000.000000  1000.000000    1000
unique          NaN          NaN     2          NaN       3               5                4            NaN          NaN       8
top             NaN          NaN  male          NaN     own          little              NaN            NaN          NaN     car
freq            NaN          NaN   690          NaN     713             603              394            NaN          NaN     337
mean     500.500000    35.546000   NaN     1.904000     NaN             NaN              NaN    3271.258000    20.903000     NaN
std      288.819436    11.375469   NaN     0.653614     NaN             NaN              NaN    2822.736876    12.058814     NaN
min        1.000000    19.000000   NaN     0.000000     NaN             NaN              NaN     250.000000     4.000000     NaN
25%      250.750000    27.000000   NaN     2.000000     NaN             NaN              NaN    1365.500000    12.000000     NaN
50%      500.500000    33.000000   NaN     2.000000     NaN             NaN              NaN    2319.500000    18.000000     NaN
75%      750.250000    42.000000   NaN     2.000000     NaN             NaN              NaN    3972.250000    24.000000     NaN
max     1000.000000    75.000000   NaN     3.000000     NaN             NaN              NaN   18424.000000    72.000000     NaN
2025-09-29 17:33:57,363 - INFO - credit_risk_pipeline - Column Age has duplicate values: 947 
2025-09-29 17:33:57,364 - INFO - credit_risk_pipeline - Column Sex has duplicate values: 998 
2025-09-29 17:33:57,364 - INFO - credit_risk_pipeline - Column Job has duplicate values: 996 
2025-09-29 17:33:57,364 - INFO - credit_risk_pipeline - Column Housing has duplicate values: 997 
2025-09-29 17:33:57,364 - INFO - credit_risk_pipeline - Column Saving_accounts has duplicate values: 995 
2025-09-29 17:33:57,365 - INFO - credit_risk_pipeline - Column Checking_account has duplicate values: 996 
2025-09-29 17:33:57,365 - INFO - credit_risk_pipeline - Column Credit_amount has duplicate values: 79 
2025-09-29 17:33:57,365 - INFO - credit_risk_pipeline - Column Duration has duplicate values: 967 
2025-09-29 17:33:57,365 - INFO - credit_risk_pipeline - Column Purpose has duplicate values: 992 
2025-09-29 17:33:57,367 - INFO - credit_risk_pipeline - Column Age has outliers: 23
2025-09-29 17:33:57,369 - INFO - credit_risk_pipeline - Column Job has outliers: 370
2025-09-29 17:33:57,370 - INFO - credit_risk_pipeline - Column Credit_amount has outliers: 72
2025-09-29 17:33:57,372 - INFO - credit_risk_pipeline - Column Duration has outliers: 70
2025-09-29 17:33:57,374 - INFO - credit_risk_pipeline - column Sex has value counts: Sex
male      690
female    310
Name: count, dtype: int64
2025-09-29 17:33:57,376 - INFO - credit_risk_pipeline - column Housing has value counts: Housing
own     713
rent    179
free    108
Name: count, dtype: int64
2025-09-29 17:33:57,378 - INFO - credit_risk_pipeline - column Saving_accounts has value counts: Saving_accounts
little        603
NaN           183
moderate      103
quite rich     63
rich           48
Name: count, dtype: int64
2025-09-29 17:33:57,378 - INFO - credit_risk_pipeline - column Checking_account has value counts: Checking_account
NaN         394
little      274
moderate    269
rich         63
Name: count, dtype: int64
2025-09-29 17:33:57,379 - INFO - credit_risk_pipeline - column Purpose has value counts: Purpose
car                    337
radio/TV               280
furniture/equipment    181
business                97
education               59
repairs                 22
domestic appliances     12
vacation/others         12
Name: count, dtype: int64
2025-09-29 19:21:14,214 - INFO - credit_risk_pipeline - Starting data ingestion from database
2025-09-29 19:21:14,236 - INFO - credit_risk_pipeline - Data is loaded and saved to data/raw/raw_data.csv
2025-09-29 19:21:15,588 - INFO - credit_risk_pipeline - Starting ETL process
2025-09-29 19:21:15,593 - INFO - credit_risk_pipeline - ETL process completed successfully. Data saved to data/processed/processed_data.csv
2025-09-29 19:21:17,162 - INFO - credit_risk_pipeline - Starting EDA
2025-09-29 19:21:17,612 - ERROR - credit_risk_pipeline - EDA failed: Could not interpret value `target` for `x`. An entry with this name does not appear in `data`.
2025-09-29 19:25:46,199 - INFO - credit_risk_pipeline - Starting ETL process
2025-09-29 19:25:46,203 - INFO - credit_risk_pipeline - ETL process completed successfully. Data saved to data/processed/processed_data.csv
2025-09-29 19:25:47,543 - INFO - credit_risk_pipeline - Starting EDA
2025-09-29 19:25:47,545 - INFO - credit_risk_pipeline - 'target' column not found. Skipping target distribution plot.
2025-09-29 19:25:48,018 - INFO - credit_risk_pipeline - EDA completed successfully
2025-09-29 19:25:50,344 - INFO - credit_risk_pipeline - Starting training with hyperparameter tuning
2025-09-29 19:25:50,346 - ERROR - credit_risk_pipeline - Training failed: Processed dataset does not contain a 'target' column. Please provide labels or update the pipeline to create 'target'.
2025-09-29 19:32:57,353 - INFO - credit_risk_pipeline - Starting training with hyperparameter tuning
2025-09-29 19:32:57,356 - ERROR - credit_risk_pipeline - Training failed: Processed dataset does not contain a 'target' column. Please provide labels or update the pipeline to create 'target'.
2025-09-29 19:34:50,943 - INFO - credit_risk_pipeline - Starting ETL process
2025-09-29 19:34:50,947 - INFO - credit_risk_pipeline - ETL process completed. Processed data saved to data/processed/processed_data.csv
2025-09-29 19:34:52,515 - INFO - credit_risk_pipeline - Starting training with hyperparameter tuning
2025-09-29 19:34:52,517 - ERROR - credit_risk_pipeline - Training failed: Processed dataset does not contain a 'target' column. Please provide labels or update the pipeline to create 'target'.
2025-09-30 12:03:57,741 - INFO - credit_risk_pipeline - Starting training with hyperparameter tuning
2025-09-30 12:03:57,745 - ERROR - credit_risk_pipeline - Training failed: Processed dataset does not contain a 'target' column. Please provide labels or update the pipeline to create 'target'.
2025-09-30 12:48:50,434 - INFO - credit_risk_pipeline - Starting EDA
2025-09-30 12:48:50,436 - INFO - credit_risk_pipeline - loan_status column not found. Skipping target distribution plot.
2025-09-30 12:48:50,913 - INFO - credit_risk_pipeline - EDA completed successfully
2025-09-30 12:48:53,177 - INFO - credit_risk_pipeline - Starting training with hyperparameter tuning
2025-09-30 12:48:53,179 - ERROR - credit_risk_pipeline - Training failed: Processed dataset does not contain a 'target' column. Please provide labels or update the pipeline to create 'target'.
2025-09-30 12:49:53,167 - INFO - credit_risk_pipeline - Starting training with hyperparameter tuning
2025-09-30 12:49:53,169 - ERROR - credit_risk_pipeline - Training failed: Processed dataset does not contain a 'loan_status' column. Please provide labels or update the pipeline to create 'loan_status'.
2025-09-30 12:57:39,279 - INFO - credit_risk_pipeline - Starting data ingestion from database
2025-09-30 12:57:39,570 - INFO - credit_risk_pipeline - Data is loaded and saved to data/raw/raw_data.csv
2025-09-30 12:57:52,071 - INFO - credit_risk_pipeline - Starting training with hyperparameter tuning
2025-09-30 12:57:52,073 - ERROR - credit_risk_pipeline - Training failed: Processed dataset does not contain a 'loan_status' column. Please provide labels or update the pipeline to create 'loan_status'.
2025-09-30 13:06:10,543 - INFO - credit_risk_pipeline - Starting training with hyperparameter tuning
2025-09-30 13:06:10,545 - ERROR - credit_risk_pipeline - Training failed: Processed dataset does not contain a 'loan_status' column. Please provide labels or update the pipeline to create 'loan_status'.
2025-09-30 13:06:45,232 - INFO - credit_risk_pipeline - Starting data ingestion from database
2025-09-30 13:06:45,514 - INFO - credit_risk_pipeline - Data is loaded and saved to data/raw/raw_data.csv
2025-09-30 13:07:07,520 - INFO - credit_risk_pipeline - Starting EDA
2025-09-30 13:07:07,521 - INFO - credit_risk_pipeline - loan_status column not found. Skipping target distribution plot.
2025-09-30 13:07:07,947 - INFO - credit_risk_pipeline - EDA completed successfully
2025-09-30 13:07:13,656 - INFO - credit_risk_pipeline - Starting ETL process
2025-09-30 13:07:13,810 - INFO - credit_risk_pipeline - ETL process completed. Processed data saved to data/processed/processed_data.csv
2025-09-30 13:07:23,206 - INFO - credit_risk_pipeline - Starting training with hyperparameter tuning
2025-09-30 13:07:23,208 - ERROR - credit_risk_pipeline - Training failed: Processed dataset does not contain a 'loan_status' column. Please provide labels or update the pipeline to create 'loan_status'.
2025-09-30 13:11:43,635 - INFO - credit_risk_pipeline - Starting data ingestion from database
2025-09-30 13:11:43,910 - INFO - credit_risk_pipeline - Data is loaded and saved to data/raw/raw_data.csv
2025-09-30 13:11:59,311 - INFO - credit_risk_pipeline - Starting EDA
2025-09-30 13:11:59,312 - ERROR - credit_risk_pipeline - EDA failed: [Errno 2] No such file or directory: 'data/processed/processed_data.csv'
2025-09-30 13:12:22,767 - INFO - credit_risk_pipeline - Starting ETL process
2025-09-30 13:12:22,913 - INFO - credit_risk_pipeline - ETL process completed. Processed data saved to data/processed/processed_data.csv
2025-09-30 13:12:26,480 - INFO - credit_risk_pipeline - Starting EDA
2025-09-30 13:12:26,728 - INFO - matplotlib.category - Using categorical units to plot a list of strings that are all parsable as floats or dates. If these strings should be plotted as numbers, cast to the appropriate data type before plotting.
2025-09-30 13:12:26,745 - INFO - matplotlib.category - Using categorical units to plot a list of strings that are all parsable as floats or dates. If these strings should be plotted as numbers, cast to the appropriate data type before plotting.
2025-09-30 13:12:27,316 - INFO - credit_risk_pipeline - EDA completed successfully
2025-09-30 13:12:36,314 - INFO - credit_risk_pipeline - Starting training with hyperparameter tuning
2025-09-30 13:12:36,316 - ERROR - credit_risk_pipeline - Training failed: Processed dataset does not contain a 'loan_status' column. Please provide labels or update the pipeline to create 'loan_status'.
2025-09-30 13:26:37,747 - INFO - credit_risk_pipeline - Starting ETL process
2025-09-30 13:26:37,758 - INFO - credit_risk_pipeline - ETL process completed. Processed data saved to data/processed/processed_data.csv
2025-09-30 14:20:11,559 - INFO - credit_risk_pipeline - Starting ETL process
2025-09-30 14:20:11,566 - INFO - credit_risk_pipeline - ETL process completed. Processed data saved to data/processed/processed_data.csv
2025-09-30 14:21:25,264 - INFO - credit_risk_pipeline - Starting ETL process
2025-09-30 14:21:25,273 - INFO - credit_risk_pipeline - ETL process completed. Processed data saved to data/processed/processed_data.csv
2025-09-30 14:23:37,914 - INFO - credit_risk_pipeline - Starting ETL process
2025-09-30 14:23:37,914 - INFO - credit_risk_pipeline - Reading raw data from: /home/ctp/Training_work/doc/credit_risk/data/raw/raw_data.csv
2025-09-30 14:23:37,924 - INFO - credit_risk_pipeline - ETL process completed. Processed data saved to /home/ctp/Training_work/doc/credit_risk/data/processed/processed_data.csv
2025-09-30 14:27:52,807 - INFO - credit_risk_pipeline - Starting data ingestion from database
2025-09-30 14:27:52,934 - INFO - credit_risk_pipeline - Writing raw data to: /home/ctp/Training_work/doc/credit_risk/data/raw/raw_data.csv
2025-09-30 14:27:53,109 - INFO - credit_risk_pipeline - Data is loaded and saved to /home/ctp/Training_work/doc/credit_risk/data/raw/raw_data.csv
2025-09-30 14:28:04,636 - INFO - credit_risk_pipeline - Starting ETL process
2025-09-30 14:28:04,636 - INFO - credit_risk_pipeline - Reading raw data from: /home/ctp/Training_work/doc/credit_risk/data/raw/raw_data.csv
2025-09-30 14:28:04,820 - INFO - credit_risk_pipeline - ETL process completed. Processed data saved to /home/ctp/Training_work/doc/credit_risk/data/processed/processed_data.csv
2025-09-30 14:28:26,564 - INFO - credit_risk_pipeline - Starting data ingestion from database
2025-09-30 14:28:26,707 - INFO - credit_risk_pipeline - Writing raw data to: /home/ctp/Training_work/doc/credit_risk/data/raw/raw_data.csv
2025-09-30 14:28:26,861 - INFO - credit_risk_pipeline - Data is loaded and saved to /home/ctp/Training_work/doc/credit_risk/data/raw/raw_data.csv
2025-09-30 14:28:28,033 - INFO - credit_risk_pipeline - Starting ETL process
2025-09-30 14:28:28,033 - INFO - credit_risk_pipeline - Reading raw data from: /home/ctp/Training_work/doc/credit_risk/data/raw/raw_data.csv
2025-09-30 14:28:28,228 - INFO - credit_risk_pipeline - ETL process completed. Processed data saved to /home/ctp/Training_work/doc/credit_risk/data/processed/processed_data.csv
2025-09-30 14:28:29,539 - INFO - credit_risk_pipeline - Starting EDA
2025-09-30 14:28:29,847 - INFO - matplotlib.category - Using categorical units to plot a list of strings that are all parsable as floats or dates. If these strings should be plotted as numbers, cast to the appropriate data type before plotting.
2025-09-30 14:28:29,862 - INFO - matplotlib.category - Using categorical units to plot a list of strings that are all parsable as floats or dates. If these strings should be plotted as numbers, cast to the appropriate data type before plotting.
2025-09-30 14:28:30,360 - INFO - credit_risk_pipeline - EDA completed successfully
2025-09-30 14:28:32,245 - INFO - credit_risk_pipeline - Starting training with hyperparameter tuning
2025-09-30 14:28:32,287 - INFO - credit_risk_pipeline - GridSearch for RandomForest
2025-09-30 14:28:46,640 - INFO - credit_risk_pipeline - RandomForest trained. ROC-AUC: 0.9227318266040418
2025-09-30 14:28:46,641 - INFO - credit_risk_pipeline - GridSearch for XGBoost
2025-09-30 14:28:50,555 - INFO - credit_risk_pipeline - XGBoost trained. ROC-AUC: 0.9700818987805404
2025-09-30 14:28:50,556 - INFO - credit_risk_pipeline - GridSearch for LightGBM
2025-09-30 14:29:00,644 - INFO - credit_risk_pipeline - LightGBM trained. ROC-AUC: 0.9697406763045632
2025-09-30 14:50:07,028 - INFO - credit_risk_pipeline - Starting training with hyperparameter tuning
2025-09-30 14:50:07,081 - INFO - credit_risk_pipeline - GridSearch for RandomForest
2025-09-30 14:50:20,699 - INFO - credit_risk_pipeline - RandomForest trained. ROC-AUC: 0.9227318266040418
2025-09-30 14:50:20,700 - INFO - credit_risk_pipeline - GridSearch for XGBoost
2025-09-30 14:50:24,606 - INFO - credit_risk_pipeline - XGBoost trained. ROC-AUC: 0.9700818987805404
2025-09-30 14:50:24,607 - INFO - credit_risk_pipeline - GridSearch for LightGBM
2025-09-30 14:50:34,925 - INFO - credit_risk_pipeline - LightGBM trained. ROC-AUC: 0.9697406763045632
2025-09-30 14:50:34,926 - INFO - credit_risk_pipeline - All models trained and logged successfully.
